<testsuites name="jest tests" tests="1" failures="0" time="1.981">
  <testsuite name="Button" errors="0" failures="0" skipped="0" timestamp="2018-10-22T22:08:37" time="1.362" tests="1">
    <testcase classname="Button renders" name="Button renders" time="0.006">
    </testcase>
  </testsuite>
</testsuites>