<testsuites name="jest tests" tests="1" failures="0" time="1.319">
  <testsuite name="Button" errors="0" failures="0" skipped="0" timestamp="2018-10-19T15:50:58" time="0.746" tests="1">
    <testcase classname="Button renders" name="Button renders" time="0.004">
    </testcase>
  </testsuite>
</testsuites>